<?xml version="1.0" encoding="UTF-8"?>
<!-- Generated by org.testng.reporters.JUnitReportReporter -->
<testsuite skipped="0" hostname="Gowtham_S" name="amazonpage.DataProvExcercise" tests="3" failures="0" timestamp="16 Oct 2024 07:34:51 GMT" time="45.704" errors="0">
  <testcase name="automate1" time="13.433" classname="amazonpage.DataProvExcercise"/>
  <testcase name="automate2" time="16.149" classname="amazonpage.DataProvExcercise"/>
  <testcase name="automate" time="16.122" classname="amazonpage.DataProvExcercise"/>
</testsuite> <!-- amazonpage.DataProvExcercise -->
